198
44654
43432
2875
9192
41663
30411
14085
42770
29743
5408
43817
49044
13457
22275
15135
1443
5542
27098
12049
30199
24275
45901
34272
23460
20703
22232
24185
34801
7535
35259
31071
24906
11834
42497
46154
583
20915
5285
2419
27736
19225
7001
40420
37104
13754
39863
39782
45290
17956
1335
35251
33812
30485
525
39057
33
24170
18401
46946
12314
5986
16145
18034
11006
40639
27798
49453
11183
14532
40037
28460
21309
27011
48109
35799
43872
45758
46286
47554
33692
40342
33106
18219
20887
19054
24043
42765
1748
30702
5283
48800
31504
18624
23518
31243
10897
6313
29077
38610
4336
12406
31958
22614
2118
3541
46612
14231
25546
13580
49557
43449
15341
40397
21019
39448
47653
10369
50341
41687
27000
50181
26143
14254
26007
21113
4641
39406
14477
20064
29567
48439
29004
17091
31543
2937
19892
41842
13577
38094
32701
17435
31270
42385
18320
34923
12857
37777
9630
27862
37624
30506
44577
14989
5060
46972
46039
5322
17976
41407
20040
35928
44562
12907
1705
41786
42018
45878
40404
2884
24977
37503
15823
13737
29106
45558
29087
10559
13948
6310
37559
29996
23244
1738
50232
7231
40899
24343
329
44889
51055
44422
45889
16193
48024
45724
14424
1182
23225
1890
15999
27868
26345
41026
1594
31221
28761
37903
4375
11012
27108
11223
23996
37670
37220
11111
50337
41206
47385
8963
21460
50089
29221
25515
10224
19635
51042
48811
9524
24293
10296
16596
22582
14860
13888
28804
196
41246
17238
46398
46228
37224
27599
27056
19970
13887
2149
45436
16213
14662
44243
25969
49006
34966
17126
2878
20709
30517
4125
12781
15272
17267
28048
17840
18791
647
34440
25615
42313
33765
13531
22710
23974
27005
14551
11153
25862
1881
32476
31561
2480
43984
19817
29036
45786
44328
23484
17019
41303
25349
19143
33826
9967
4611
27389
35946
43927
6754
15851
23342
15964
9279
12955
41478
21614
42279
16882
12734
12450
17684
49885
48902
1043
43090
7461
43499
22070
1778
33251
2520
43045
11424
13497
36235
23239
10185
12394
4188
49540
48725
37032
34347
4248
16293
6782
40851
40473
2196
542
25699
35709
17231
45805
40434
4237
31960
12964
49769
27543
27049
27429
40003
32731
614
2799
21602
46718
21599
8009
47729
47419
10319
17733
33244
26307
31862
29057
39759
43416
3110
18115
6938
21296
8005
42798
46227
47394
2940
39204
49307
27334
12696
18395
39700
40685
2695
34690
31401
36106
12983
32360
36736
17623
37339
13827
27185
2113
29003
39543
35149
40472
41097
46784
39177
4468
24769
2865
37897
39518
21929
12735
25958
29409
13275
27230
25664
1185
46963
46053
50881
11184
35052
32407
32828
10551
21485
7258
24686
41929
5945
48448
50487
47532
16993
43271
3037
17468
5052
18836
44607
24886
34398
1241
26545
49497
617
24331
31319
48278
5233
23344
3453
1218
3561
22437
15827
21285
12409
4524
33572
2649
31425
49934
38312
41352
16380
49281
6525
13675
42865
26350
47135
26758
32798
39694
10402
29580
33196
48021
29092
11003
41018
29865
24864
20948
39474
17472
47287
1510
41869
12111
23402
5534
36367
16329
40910
30371
8136
2599
43038
18736
3917
26417
31020
10134
12276
48237
13122
36394
19258
38984
9087
42518
21382
6949
4903
834
19461
33035
23548
29314
25487
32910
48200
7945
44352
9252
24629
28948
19890
48086
2676
28674
10355
34878
29872
49939
9730
6552
34369
