2147483647
2147483647
117946
2147483647
111296
2147483647
104983
90244
99614
88202
95074
113148
106507
67099
2147483647
110504
87065
83128
2147483647
2147483647
2147483647
2147483647
84492
102688
2147483647
2147483647
76412
105100
98353
2147483647
140125
101682
102580
91936
120203
95429
89325
91626
75427
2147483647
102016
2147483647
90426
2147483647
2147483647
81027
2147483647
94616
127925
85133
66905
100942
93818
118958
95382
101063
89449
2147483647
2147483647
85537
2147483647
2147483647
100170
117090
2147483647
72382
123457
82308
2147483647
87613
2147483647
2147483647
2147483647
2147483647
85610
2147483647
2147483647
2147483647
68495
2147483647
2147483647
73898
91331
2147483647
2147483647
89430
82217
93570
91084
110630
108147
80657
2147483647
2147483647
2147483647
106413
95409
91541
88009
2147483647
2147483647
102102
2147483647
2147483647
54999
2147483647
82399
88623
94638
80609
98925
107639
89005
2147483647
85980
104589
88523
87065
72513
102419
116799
2147483647
2147483647
99712
110639
2147483647
105368
2147483647
118851
2147483647
2147483647
103647
99856
120787
108326
104855
109353
2147483647
95773
90250
146491
81152
2147483647
2147483647
107509
92647
72172
90266
2147483647
101373
112142
2147483647
93370
96771
125430
147293
2147483647
2147483647
78793
100771
102463
2147483647
2147483647
2147483647
129484
2147483647
75476
98897
80589
109519
111466
2147483647
2147483647
116204
2147483647
91734
102938
106494
94840
117307
95688
111071
105310
123315
84035
2147483647
129141
2147483647
2147483647
2147483647
2147483647
99108
2147483647
103442
2147483647
92910
99727
2147483647
114745
122792
2147483647
2147483647
2147483647
2147483647
123569
97147
2147483647
104194
108786
107866
109394
61241
2147483647
94935
2147483647
2147483647
90325
2147483647
103291
2147483647
82736
67068
98304
2147483647
103727
113911
108899
2147483647
87442
84008
103341
106387
111667
2147483647
2147483647
2147483647
95096
2147483647
102727
2147483647
2147483647
96829
95185
2147483647
142621
2147483647
2147483647
2147483647
2147483647
2147483647
99308
134287
101709
91859
2147483647
2147483647
106323
113333
102628
60305
105758
2147483647
2147483647
2147483647
96056
2147483647
2147483647
2147483647
92358
2147483647
2147483647
2147483647
85937
105916
2147483647
2147483647
88620
2147483647
2147483647
2147483647
101159
93727
2147483647
2147483647
102634
98447
78485
87892
2147483647
2147483647
112219
107748
2147483647
87195
92683
96935
2147483647
80999
2147483647
103630
2147483647
83362
149398
2147483647
2147483647
106356
117037
2147483647
108095
100714
108158
2147483647
70975
2147483647
95730
130515
2147483647
75034
95057
96226
104147
84591
89423
2147483647
94389
122113
2147483647
113264
107921
114229
2147483647
2147483647
89834
111663
2147483647
2147483647
89861
76774
2147483647
142189
76952
110980
2147483647
107503
2147483647
2147483647
2147483647
2147483647
2147483647
2147483647
2147483647
88211
108605
86055
2147483647
2147483647
2147483647
110475
84544
85082
90297
91041
2147483647
2147483647
2147483647
85186
92022
92226
2147483647
99459
88726
111879
110129
95389
2147483647
104390
113540
92389
102862
97664
106323
2147483647
100805
92312
81645
2147483647
92011
120449
2147483647
2147483647
2147483647
2147483647
2147483647
2147483647
2147483647
84647
2147483647
84523
2147483647
110834
108307
99239
104106
96124
2147483647
2147483647
90277
67659
2147483647
56629
96908
102949
98725
117574
2147483647
2147483647
85458
2147483647
2147483647
2147483647
106122
82272
115685
106774
2147483647
2147483647
82298
84897
79014
114846
59971
2147483647
101660
26983
89019
2147483647
79213
2147483647
96711
90481
109359
95258
110925
62873
95931
2147483647
2147483647
87966
104246
2147483647
60104
65972
128930
2147483647
122308
110895
81038
111075
2147483647
102513
140935
73265
2147483647
110141
71035
115050
2147483647
2147483647
86240
96138
2147483647
64989
58172
2147483647
2147483647
2147483647
150117
2147483647
117234
110674
101897
101794
88366
69214
90617
115709
87962
2147483647
2147483647
70180
2147483647
2147483647
2147483647
82650
73116
2147483647
2147483647
135567
93010
98789
2147483647
99432
2147483647
95311
99473
2147483647
2147483647
84339
2147483647
114413
81678
111692
2147483647
104939
111314
2147483647
2147483647
2147483647
113693
2147483647
98741
100694
132181
2147483647
78838
2147483647
99799
81175
96492
82672
2147483647
143965
27889
2147483647
93786
2147483647
2147483647
92444
2147483647
94142
129559
2147483647
2147483647
100284
2147483647
91494
76419
2147483647
97354
2147483647
107037
126172
2147483647
46956
112243
2147483647
95747
2147483647
104065
92175
2147483647
2147483647
2147483647
102388
2147483647
2147483647
2147483647
84139
2147483647
102972
2147483647
2147483647
78285
75934
2147483647
104836
2147483647
123852
102970
97502
95762
2147483647
64416
105614
95781
96890
98997
2147483647
2147483647
103669
2147483647
93700
2147483647
2147483647
87580
104118
2147483647
92539
105608
2147483647
2147483647
2147483647
2147483647
62374
115161
56254
116234
2147483647
2147483647
2147483647
2147483647
2147483647
2147483647
92270
2147483647
98474
2147483647
2147483647
78122
2147483647
88286
104165
2147483647
2147483647
102339
2147483647
106453
2147483647
41658
2147483647
2147483647
102296
81814
94085
99705
143903
100112
93454
2147483647
80020
57160
126449
117534
2147483647
2147483647
2147483647
2147483647
116335
73711
54653
82543
90604
100097
114615
83795
94479
104971
2147483647
83623
112688
92641
2147483647
22848
2147483647
98513
2147483647
2147483647
2147483647
98715
2147483647
87768
96970
74773
109713
2147483647
2147483647
2147483647
2147483647
2147483647
83302
2147483647
63489
2147483647
2147483647
107878
90359
116333
77816
97931
95868
2147483647
101427
2147483647
2147483647
87612
2147483647
2147483647
2147483647
2147483647
70510
102621
2147483647
68230
88985
2147483647
102181
73784
105249
122233
2147483647
53459
2147483647
2147483647
2147483647
126228
2147483647
110145
2147483647
104598
102912
95531
98028
100204
80887
2147483647
113318
95886
2147483647
91680
93135
95171
107882
2147483647
2147483647
105739
133156
110648
74331
140884
124297
2147483647
105348
85464
59486
99680
2147483647
114365
2147483647
2147483647
2147483647
2147483647
101931
82311
81896
127082
102858
119995
163199
106952
2147483647
100153
51183
103028
83482
126771
2147483647
2147483647
99713
131954
2147483647
89655
88075
2147483647
2147483647
2147483647
103030
2147483647
108229
81843
115007
133090
2147483647
117705
87590
86029
2147483647
2147483647
104013
77423
118718
122213
87051
2147483647
93276
2147483647
2147483647
2147483647
91698
80755
93098
2147483647
109182
99976
2147483647
2147483647
2147483647
86694
89400
2147483647
2147483647
86108
2147483647
116362
116025
98223
85866
2147483647
105095
2147483647
2147483647
112085
112331
96538
103009
61956
2147483647
105521
72362
2147483647
2147483647
2147483647
116164
113105
95561
2147483647
91827
82704
2147483647
91285
2147483647
93506
136711
2147483647
91773
89676
114259
2147483647
107808
2147483647
79661
2147483647
2147483647
85989
90558
60515
2147483647
97667
110268
132531
2147483647
99734
2147483647
97611
112302
94611
84275
80857
88923
159044
93103
125187
88915
95301
78036
112004
2147483647
2147483647
2147483647
113388
102898
95314
2147483647
2147483647
82071
89581
129783
89871
125724
84710
85465
101262
2147483647
127174
2147483647
112182
2147483647
107466
2147483647
2147483647
89218
2147483647
87961
2147483647
121000
108393
96514
156061
2147483647
2147483647
104831
101479
2147483647
92596
130323
89922
56326
79457
106051
2147483647
51758
163797
119646
166430
2147483647
2147483647
84087
70135
2147483647
2147483647
113937
104541
2147483647
2147483647
2147483647
90478
2147483647
121162
2147483647
122021
95783
94064
106175
94404
2147483647
94058
82876
2147483647
84074
2147483647
2147483647
2147483647
105965
104654
66623
2147483647
2147483647
2147483647
100421
2147483647
61009
88072
74699
101503
102541
91103
2147483647
114900
2147483647
89918
96849
81562
107606
2147483647
95876
111368
2147483647
105365
2147483647
97823
116249
105684
82492
114556
109013
2147483647
2147483647
102002
104643
2147483647
2147483647
93415
95039
85104
91908
70806
81701
2147483647
2147483647
2147483647
2147483647
112591
86813
116432
123565
77928
111953
86971
94925
67503
2147483647
90220
2147483647
106391
2147483647
74355
32031
2147483647
2147483647
102456
2147483647
2147483647
2147483647
85521
96011
2147483647
90112
113166
81479
106876
117568
2147483647
2147483647
2147483647
70008
2147483647
144223
2147483647
75581
91796
2147483647
93571
124626
114166
2147483647
63009
80711
85028
2147483647
75324
2147483647
116828
75941
117914
2147483647
2147483647
89967
2147483647
89496
86894
104284
97916
116410
73244
2147483647
82637
113597
2147483647
98779
115400
95104
2147483647
95681
82678
2147483647
2147483647
88724
104095
2147483647
80100
2147483647
2147483647
2147483647
108638
96136
2147483647
115495
107567
108087
96477
2147483647
2147483647
122394
2147483647
85395
2147483647
111692
144404
2147483647
83153
2147483647
98480
2147483647
102544
81632
91493
2147483647
111245
119150
84428
2147483647
126026
95756
99730
100428
2147483647
123951
2147483647
105344
103475
106159
94606
81454
84002
93926
2147483647
2147483647
101135
86846
91622
2147483647
2147483647
98723
2147483647
96139
81173
82678
2147483647
2147483647
2147483647
2147483647
2147483647
112678
135108
88942
2147483647
96195
2147483647
90976
109001
2147483647
108850
98593
2147483647
103475
113060
98651
110842
78833
2147483647
93474
106929
2147483647
2147483647
2147483647
101743
104384
73757
105711
61744
100209
2147483647
105811
102304
102647
94189
77683
2147483647
82641
2147483647
117826
125703
90492
94756
96680
118801
2147483647
68314
128707
121336
111749
2147483647
128476
98783
72256
97040
82970
2147483647
85624
125782
2147483647
93629
76756
2147483647
99870
101365
2147483647
2147483647
90649
2147483647
71750
2147483647
126141
119043
2147483647
115242
94556
106569
86828
111165
84402
2147483647
2147483647
2147483647
57660
109508
102927
103602
2147483647
2147483647
91867
114372
2147483647
103962
2147483647
108590
83393
2147483647
122386
129545
2147483647
2147483647
93409
98990
67119
104483
2147483647
2147483647
90189
73151
149407
88144
104448
86112
2147483647
83183
108535
87258
2147483647
99494
2147483647
2147483647
2147483647
2147483647
2147483647
82167
2147483647
91876
2147483647
2147483647
86783
2147483647
105157
118235
113458
120595
108801
92263
93377
80579
100006
66289
107851
2147483647
102814
89992
2147483647
2147483647
2147483647
2147483647
98166
2147483647
98950
106905
2147483647
93348
94612
110188
98698
91087
112866
2147483647
33758
2147483647
105288
109907
76112
2147483647
95571
2147483647
2147483647
83264
94937
2147483647
2147483647
120748
95387
2147483647
80103
105479
103692
2147483647
2147483647
2147483647
2147483647
100879
2147483647
2147483647
107748
113310
110210
2147483647
93950
107668
2147483647
103550
84682
108087
95973
73952
2147483647
120898
107178
111915
78431
106659
2147483647
104939
106880
114369
84723
2147483647
77932
67251
143481
109124
74445
122189
78460
97624
83185
2147483647
91560
98339
97361
2147483647
108696
126948
106031
110216
107118
2147483647
2147483647
90122
122448
120208
99750
2147483647
105486
47839
105643
114145
86540
85935
89474
113333
2147483647
2147483647
79320
93672
89528
79734
2147483647
98921
90030
107800
93024
2147483647
115451
94064
103495
117999
2147483647
116485
88068
116307
2147483647
98413
104640
2147483647
100527
90167
2147483647
93362
98044
106920
162345
98016
100455
105928
93325
90108
106331
89574
112937
2147483647
103648
101647
96974
113520
101912
121418
66761
2147483647
2147483647
93460
85290
107364
89504
2147483647
76407
2147483647
120038
84202
2147483647
2147483647
2147483647
66053
127973
125627
2147483647
96679
108292
113073
101305
109186
2147483647
2147483647
2147483647
42734
51111
89728
97209
109192
112953
105203
109824
2147483647
89493
117599
84988
2147483647
91043
101662
109107
103332
92786
116927
2147483647
92052
126551
2147483647
2147483647
2147483647
95721
88958
108813
2147483647
108522
2147483647
76863
90618
2147483647
91574
2147483647
74816
2147483647
2147483647
104519
2147483647
2147483647
2147483647
2147483647
77672
98707
102234
107070
2147483647
2147483647
93625
101119
2147483647
93615
85912
88057
95679
2147483647
87078
108473
2147483647
84150
113429
130704
2147483647
124148
79424
115173
101463
97840
2147483647
101953
90823
132006
2147483647
103325
101508
2147483647
68913
74269
2147483647
90381
87227
118925
166026
91642
2147483647
125327
2147483647
119810
108327
89592
108653
182063
85164
107119
78948
137323
118199
117593
2147483647
2147483647
97871
119200
2147483647
120094
2147483647
2147483647
2147483647
109567
107629
2147483647
107563
2147483647
2147483647
2147483647
2147483647
138631
98959
101255
2147483647
100369
118633
2147483647
2147483647
98601
108133
95697
100990
2147483647
2147483647
2147483647
2147483647
85910
97463
2147483647
2147483647
91751
2147483647
121545
2147483647
69166
2147483647
106214
2147483647
93056
81720
2147483647
97652
99497
89580
2147483647
120934
119316
2147483647
140365
93766
2147483647
2147483647
96312
95061
81635
75860
2147483647
97974
2147483647
36945
101229
2147483647
2147483647
2147483647
2147483647
98698
2147483647
95216
103551
87914
102893
81373
104822
85903
2147483647
126664
98747
64637
73117
64968
84393
92103
120705
92136
2147483647
2147483647
2147483647
104286
62969
97387
2147483647
88336
2147483647
67025
103746
2147483647
96350
124994
2147483647
99303
2147483647
108395
2147483647
104817
2147483647
108916
89138
2147483647
112180
75249
100276
2147483647
2147483647
142578
2147483647
2147483647
113582
2147483647
92541
2147483647
145766
2147483647
87378
93646
112126
113499
131664
122793
85967
2147483647
66864
2147483647
89309
90874
98615
110155
104267
2147483647
2147483647
92078
2147483647
71148
2147483647
78102
97586
125923
2147483647
2147483647
74105
89734
110909
101480
2147483647
92101
74312
96187
2147483647
168585
94706
98987
106133
87658
2147483647
111199
77362
2147483647
2147483647
2147483647
94639
95950
97542
99337
101713
115298
2147483647
2147483647
2147483647
115619
125241
86399
120929
105168
74944
2147483647
117061
2147483647
2147483647
120422
2147483647
110440
75720
54041
107746
97953
77259
2147483647
2147483647
100377
88191
101832
87999
105629
113674
105125
2147483647
2147483647
123083
2147483647
86924
115246
89074
102432
2147483647
82396
118679
2147483647
2147483647
100182
2147483647
104891
114228
2147483647
35349
109853
108233
72602
98900
130576
2147483647
91953
2147483647
2147483647
97643
119765
94212
2147483647
2147483647
2147483647
89171
133603
97974
110419
115666
97209
2147483647
105709
106869
94560
79224
2147483647
100670
2147483647
117456
2147483647
78184
104576
2147483647
94174
2147483647
96540
92915
78749
107605
104257
109334
2147483647
111112
2147483647
105144
84711
103467
2147483647
101401
76320
87490
96850
98166
100050
97209
83588
2147483647
135183
77863
94376
101568
107820
115863
100231
79679
2147483647
2147483647
2147483647
65917
78499
2147483647
89206
2147483647
2147483647
2147483647
2147483647
2147483647
2147483647
110798
84091
2147483647
2147483647
111276
89645
2147483647
72289
2147483647
98994
105205
126684
94457
74342
2147483647
103913
96383
2147483647
89843
84271
98145
89919
106558
128786
117514
70737
2147483647
73248
2147483647
112922
2147483647
114922
2147483647
128856
98885
111365
2147483647
86775
117834
2147483647
96120
2147483647
117959
96155
97866
114310
37917
2147483647
98903
2147483647
2147483647
2147483647
103970
105981
2147483647
2147483647
100765
2147483647
58150
2147483647
2147483647
115168
2147483647
2147483647
116386
110779
110733
118108
2147483647
102643
2147483647
118996
91832
2147483647
97003
2147483647
2147483647
2147483647
97632
81984
100458
112008
91611
86520
103439
2147483647
100701
107292
2147483647
2147483647
2147483647
2147483647
88970
2147483647
72514
104811
100489
102307
2147483647
104716
91737
99293
2147483647
89705
82597
2147483647
2147483647
2147483647
2147483647
101938
38659
2147483647
103090
85195
107603
89177
81913
106469
99023
98478
121004
2147483647
101991
2147483647
2147483647
2147483647
116713
2147483647
89627
105164
106240
2147483647
79395
110134
2147483647
93398
102123
96715
127706
97578
89579
80704
2147483647
114739
106916
107234
115132
73090
2147483647
87884
2147483647
115195
2147483647
122872
131761
102046
2147483647
2147483647
78348
2147483647
117175
129832
75297
84822
2147483647
98191
2147483647
2147483647
108744
2147483647
93917
106845
87037
76060
2147483647
2147483647
90897
105487
2147483647
2147483647
90751
115335
71153
122003
105532
88398
2147483647
88279
2147483647
2147483647
2147483647
2147483647
65229
2147483647
70370
2147483647
2147483647
101954
60474
103620
94850
111747
2147483647
127111
99261
84912
2147483647
115252
100393
103073
116727
110280
115963
43949
113556
93010
2147483647
2147483647
2147483647
107750
106284
2147483647
106169
84733
110212
2147483647
104716
59303
96896
89235
83042
100010
84211
102926
92593
2147483647
2147483647
109884
94129
100755
119714
2147483647
110960
100301
105391
104683
2147483647
2147483647
2147483647
2147483647
100810
102607
127637
103590
124958
2147483647
123264
106530
2147483647
106447
95301
105156
111688
82944
2147483647
58108
105206
2147483647
112453
102777
2147483647
2147483647
114838
111794
122696
2147483647
2147483647
2147483647
94400
91113
2147483647
106220
119051
94705
2147483647
95865
2147483647
59396
101202
2147483647
120669
97607
87727
117820
108443
133583
111128
29847
2147483647
113642
89986
2147483647
122310
82935
92722
2147483647
87773
113668
92791
67379
88834
118931
97463
118265
121456
117350
78373
107496
111520
74907
2147483647
2147483647
80626
87472
2147483647
95375
80551
101612
2147483647
105077
2147483647
122625
108620
102265
116789
102543
2147483647
155147
88055
105558
109745
91268
101182
60503
2147483647
107793
2147483647
97786
2147483647
2147483647
2147483647
103112
2147483647
2147483647
76391
100272
2147483647
108635
2147483647
56922
2147483647
98662
2147483647
108445
100217
2147483647
83349
95986
80513
64081
100295
97410
115641
99361
2147483647
77569
89860
113850
120886
2147483647
98352
131673
84795
112585
106879
87056
91981
2147483647
75563
2147483647
2147483647
131039
120685
2147483647
118227
2147483647
2147483647
106028
110930
119469
2147483647
111083
80928
90721
102758
107322
92934
97681
87311
2147483647
97933
102397
107015
2147483647
108860
2147483647
116211
2147483647
109112
102340
80853
99146
78602
102358
75324
98927
2147483647
2147483647
2147483647
2147483647
104743
80615
59767
2147483647
2147483647
94504
2147483647
2147483647
107321
2147483647
94010
109827
2147483647
2147483647
75431
87367
123296
2147483647
86295
72769
85372
98771
103853
90090
94391
2147483647
115050
2147483647
102049
111628
84257
45318
73786
100626
84766
2147483647
111557
2147483647
2147483647
110265
90968
106192
2147483647
96420
2147483647
59605
139152
86815
85031
139806
2147483647
2147483647
97883
105717
98397
94488
98548
2147483647
102785
112410
88473
115507
2147483647
76690
97543
96718
2147483647
2147483647
141674
2147483647
102476
68919
2147483647
101268
2147483647
91241
89165
93339
2147483647
97826
2147483647
113814
2147483647
96435
88034
41528
113936
2147483647
2147483647
2147483647
2147483647
2147483647
103950
143085
109028
95896
2147483647
2147483647
2147483647
2147483647
66598
81590
51651
96837
91447
2147483647
107204
113583
79063
115642
113868
2147483647
2147483647
96752
117288
133735
110751
109486
2147483647
2147483647
91287
91638
97697
89438
94122
2147483647
73050
2147483647
75896
2147483647
97636
104562
105820
2147483647
2147483647
120123
77376
115248
101742
109379
76298
94668
67179
2147483647
2147483647
109361
2147483647
2147483647
101985
118634
2147483647
100235
101257
2147483647
109815
77053
98023
83200
2147483647
94764
103913
77265
2147483647
99760
105307
85446
105553
97826
2147483647
111902
2147483647
74013
102592
2147483647
2147483647
94720
95182
97339
2147483647
2147483647
113429
108143
2147483647
114399
2147483647
87646
103706
2147483647
2147483647
2147483647
2147483647
2147483647
2147483647
97486
78196
2147483647
95897
2147483647
2147483647
111980
102064
115583
83246
83640
88299
91939
81023
92173
97113
53296
2147483647
2147483647
2147483647
90075
2147483647
73942
2147483647
100655
2147483647
2147483647
78830
93456
64047
75150
80932
2147483647
2147483647
95976
84553
2147483647
2147483647
87458
75517
81574
61267
2147483647
109461
97816
96658
100340
2147483647
2147483647
103130
2147483647
93630
2147483647
89029
94787
2147483647
2147483647
88197
109454
111552
89520
89276
2147483647
97983
2147483647
92951
2147483647
97355
99607
100377
98272
116754
2147483647
88897
110619
80095
2147483647
101652
2147483647
2147483647
101069
92893
101327
111648
110299
2147483647
101096
2147483647
82831
97386
100889
93129
93799
77537
80109
2147483647
119242
2147483647
2147483647
2147483647
2147483647
113158
2147483647
94621
2147483647
69969
89398
2147483647
2147483647
2147483647
2147483647
2147483647
2147483647
104560
2147483647
2147483647
2147483647
108820
112288
69121
105636
108018
100828
124635
2147483647
76496
2147483647
99406
69518
2147483647
2147483647
2147483647
117179
111894
2147483647
2147483647
95836
102451
96838
112245
2147483647
84721
115136
2147483647
2147483647
104019
88549
110946
97619
89105
2147483647
2147483647
2147483647
2147483647
76728
91835
99950
2147483647
2147483647
108068
2147483647
120665
2147483647
96375
2147483647
87450
96279
2147483647
73650
2147483647
115438
70446
88509
111847
116592
2147483647
2147483647
110808
108645
56863
104045
96214
69441
2147483647
88586
90766
105159
86364
121599
2147483647
2147483647
2147483647
118189
2147483647
99664
121310
101354
92594
2147483647
2147483647
94185
107506
2147483647
76427
92046
2147483647
101186
98558
2147483647
91177
2147483647
2147483647
97139
98581
87699
96465
53577
2147483647
2147483647
2147483647
88120
100412
128026
98358
89821
2147483647
97625
92261
92493
2147483647
2147483647
104498
2147483647
82664
133586
2147483647
112531
88603
2147483647
105157
122973
2147483647
2147483647
109111
86086
2147483647
2147483647
130479
2147483647
2147483647
2147483647
83967
2147483647
2147483647
2147483647
2147483647
126431
97469
98860
103544
89736
73534
110477
2147483647
107114
87616
113843
2147483647
123339
99292
2147483647
90622
2147483647
109379
2147483647
2147483647
85541
96402
85024
125278
2147483647
117407
115002
2147483647
107838
110717
136891
96236
128119
2147483647
82863
67291
99054
94895
114127
2147483647
2147483647
73152
2147483647
2147483647
67274
136251
95888
65602
81733
2147483647
100513
2147483647
97149
2147483647
2147483647
133572
99602
99738
112254
114131
55240
94410
74304
2147483647
93106
2147483647
2147483647
114251
116943
115178
102692
2147483647
2147483647
2147483647
2147483647
2147483647
2147483647
2147483647
117868
134373
2147483647
87398
108555
119772
106501
70277
101268
70101
78815
2147483647
92378
2147483647
2147483647
105266
89262
111487
78505
108530
104531
94463
113645
109555
2147483647
77562
32271
88860
2147483647
102852
2147483647
2147483647
88741
2147483647
118032
107605
2147483647
96481
2147483647
81802
94152
2147483647
65608
2147483647
2147483647
94033
2147483647
2147483647
2147483647
2147483647
102532
2147483647
108810
99805
100037
113323
125021
81837
96161
75959
2147483647
108129
93642
2147483647
2147483647
2147483647
100738
2147483647
99383
2147483647
106551
104270
101706
2147483647
2147483647
101310
106191
103174
2147483647
110279
67672
77838
97491
2147483647
100888
90561
182010
105363
99154
2147483647
96604
110336
2147483647
2147483647
2147483647
78258
2147483647
76348
122563
2147483647
2147483647
81241
2147483647
83725
87930
2147483647
2147483647
120580
122325
105223
2147483647
100037
115220
2147483647
2147483647
2147483647
2147483647
88205
2147483647
2147483647
2147483647
98406
98022
2147483647
2147483647
2147483647
2147483647
75177
94853
2147483647
2147483647
121067
90953
2147483647
105732
82183
81261
97634
103610
2147483647
2147483647
53414
105197
2147483647
108587
2147483647
98607
119265
89428
87221
93721
2147483647
2147483647
2147483647
2147483647
2147483647
134788
2147483647
93848
99952
111332
44136
2147483647
117839
115688
94252
2147483647
87734
2147483647
118318
67633
104534
93020
137436
2147483647
2147483647
102776
101243
82036
117012
129560
2147483647
94969
110591
120200
2147483647
2147483647
102601
124559
97434
104393
2147483647
85094
2147483647
78381
98831
113362
111653
108289
111254
80582
116007
2147483647
2147483647
85054
2147483647
96295
167358
2147483647
92001
2147483647
106467
89429
95152
72983
2147483647
2147483647
115632
2147483647
96931
90736
2147483647
114807
2147483647
109710
100286
2147483647
116963
106185
2147483647
98771
95852
105429
2147483647
78956
73445
83399
2147483647
98928
104609
97389
2147483647
2147483647
106272
96868
2147483647
2147483647
97076
122940
2147483647
96544
66022
2147483647
97651
118006
2147483647
2147483647
2147483647
2147483647
85085
2147483647
92590
87575
2147483647
125339
101103
109028
2147483647
70896
103348
2147483647
128205
2147483647
82598
112388
96075
119901
87758
94818
82794
2147483647
104116
84017
95077
2147483647
2147483647
2147483647
103034
74549
106709
80742
102589
85776
92916
2147483647
2147483647
121003
95645
2147483647
112386
2147483647
112508
2147483647
88434
101872
2147483647
79451
2147483647
2147483647
2147483647
77077
2147483647
91469
101555
101757
2147483647
111248
109199
101979
2147483647
109607
2147483647
80038
54935
2147483647
111435
2147483647
92348
73088
106379
2147483647
65554
125414
2147483647
96198
2147483647
66229
130950
2147483647
98907
96501
2147483647
2147483647
104685
112876
93653
110121
2147483647
2147483647
113546
102387
105666
2147483647
2147483647
75488
104574
2147483647
92678
124406
103361
99806
102903
87991
119053
105822
96486
116908
2147483647
110789
96084
76920
101019
2147483647
2147483647
116283
92882
115625
84147
92047
115223
2147483647
125970
2147483647
105934
94097
2147483647
2147483647
93282
2147483647
2147483647
103837
2147483647
2147483647
77911
98533
101578
2147483647
92515
106823
2147483647
84155
2147483647
2147483647
2147483647
2147483647
94487
106355
2147483647
2147483647
2147483647
2147483647
2147483647
95003
80621
96140
2147483647
115298
2147483647
51000
2147483647
99799
133660
2147483647
2147483647
102230
99149
85113
146605
78147
2147483647
133425
2147483647
91248
2147483647
86884
2147483647
108407
99240
101704
2147483647
2147483647
114271
94234
2147483647
2147483647
97941
2147483647
94916
2147483647
2147483647
110545
119308
116035
128893
2147483647
90134
88984
82467
95882
2147483647
89476
105715
86671
102422
93066
62336
123061
2147483647
2147483647
2147483647
2147483647
2147483647
92441
75158
2147483647
86479
99968
82457
2147483647
2147483647
2147483647
108755
100426
2147483647
99063
109165
101904
125625
2147483647
103058
121484
66442
108176
111850
97390
2147483647
91437
2147483647
2147483647
98437
2147483647
124675
2147483647
99926
2147483647
2147483647
2147483647
2147483647
2147483647
2147483647
2147483647
102080
103215
82165
85610
79604
2147483647
2147483647
98633
106872
118584
2147483647
94302
105274
93403
92882
2147483647
94554
2147483647
2147483647
90812
2147483647
2147483647
87133
71537
2147483647
93428
2147483647
98236
77009
102319
104856
2147483647
2147483647
89314
2147483647
94482
2147483647
98683
113673
2147483647
109695
157248
2147483647
79911
100690
103363
93387
2147483647
116967
94121
2147483647
113347
113304
109738
109380
49733
2147483647
2147483647
2147483647
2147483647
109347
93779
2147483647
110948
101273
139093
116726
104904
2147483647
110059
2147483647
2147483647
95719
107754
94343
75030
17387
81895
87753
106416
2147483647
114458
2147483647
2147483647
98144
142320
76820
114294
2147483647
2147483647
104128
92130
2147483647
2147483647
79935
90960
2147483647
2147483647
103625
92413
2147483647
89698
2147483647
93118
2147483647
100961
88399
2147483647
2147483647
46447
66027
86924
2147483647
52951
114025
109068
2147483647
2147483647
2147483647
2147483647
86607
2147483647
96266
71790
100908
2147483647
115853
96537
100537
76695
91032
2147483647
89221
108506
2147483647
52760
92836
109853
81187
2147483647
124228
79747
2147483647
63324
99702
72740
90261
158210
97876
108014
2147483647
117524
17124
109953
98834
81018
81236
106044
2147483647
2147483647
60087
78472
2147483647
2147483647
97706
2147483647
2147483647
2147483647
2147483647
117270
2147483647
91631
139390
2147483647
98906
110221
2147483647
2147483647
108707
2147483647
109752
87126
2147483647
106908
106024
2147483647
115441
114999
2147483647
2147483647
2147483647
127219
2147483647
97491
2147483647
102716
2147483647
94710
2147483647
128303
2147483647
80884
117441
113272
2147483647
119705
86191
2147483647
84685
105864
92442
98707
119850
97741
125773
61279
2147483647
96490
92258
123516
85195
102521
88226
91982
74777
83703
81767
2147483647
157610
2147483647
2147483647
68125
105967
115825
127787
95915
67694
2147483647
2147483647
104488
92101
86542
87245
100371
108327
80115
97568
96071
2147483647
2147483647
109147
95974
63201
91286
2147483647
2147483647
119614
108902
87318
78076
93276
2147483647
92389
76335
2147483647
2147483647
97990
2147483647
105440
2147483647
70429
2147483647
42794
140488
88022
65361
2147483647
143590
94838
2147483647
86255
103491
96764
65460
89740
84789
102742
80338
101627
94078
100310
2147483647
2147483647
2147483647
100898
166716
2147483647
2147483647
87797
2147483647
68416
72766
99816
98799
2147483647
2147483647
58557
2147483647
83149
100857
68945
101269
2147483647
100422
111307
97334
2147483647
104765
2147483647
92943
2147483647
81915
109373
2147483647
101959
113124
100680
2147483647
2147483647
98720
98693
78036
108355
2147483647
2147483647
74180
99378
97068
68025
2147483647
97730
91928
2147483647
80245
2147483647
2147483647
2147483647
2147483647
2147483647
56635
2147483647
95760
98132
66220
97953
114121
2147483647
92720
112185
99254
2147483647
95640
109341
2147483647
100200
101826
108698
130540
87351
2147483647
2147483647
105268
110863
73190
80750
102824
2147483647
115415
2147483647
88357
88309
2147483647
74924
95280
2147483647
107124
85781
103720
114270
111091
2147483647
2147483647
2147483647
93801
61541
88304
112612
105176
2147483647
95068
93632
2147483647
95506
2147483647
91112
128885
2147483647
100130
84957
2147483647
58265
112906
99205
2147483647
76075
107840
101930
116754
2147483647
2147483647
95028
117038
2147483647
2147483647
102958
2147483647
105494
2147483647
105088
2147483647
2147483647
110219
82072
2147483647
86029
84225
118184
2147483647
108766
2147483647
107181
99741
89040
86006
2147483647
103779
2147483647
97282
2147483647
2147483647
2147483647
2147483647
94065
88706
98102
98437
2147483647
119049
2147483647
90391
96683
79390
2147483647
2147483647
122138
100943
2147483647
94395
2147483647
2147483647
2147483647
77915
2147483647
2147483647
107557
2147483647
98868
68868
131684
85086
66223
2147483647
104816
96473
92160
96546
94599
78520
80830
2147483647
80210
102558
89605
2147483647
46699
111263
115564
96180
2147483647
2147483647
2147483647
2147483647
107080
91616
109414
79584
107657
120501
87427
2147483647
105954
99913
103569
96347
110773
2147483647
124111
106772
90205
57537
2147483647
103497
107956
85624
78349
108229
110163
2147483647
72946
114552
66525
2147483647
2147483647
2147483647
2147483647
86956
74957
99060
85037
132732
52583
2147483647
2147483647
2147483647
98670
123709
89404
2147483647
2147483647
2147483647
2147483647
79717
85093
90051
2147483647
104023
2147483647
97703
2147483647
45582
2147483647
2147483647
110211
82327
2147483647
2147483647
60932
81455
102292
79311
110878
82391
2147483647
128209
121691
87754
2147483647
2147483647
109718
106332
67834
2147483647
104231
2147483647
2147483647
95483
2147483647
107224
99125
114923
110606
2147483647
85871
86277
103229
96891
100725
92844
106060
106623
86626
114459
2147483647
88989
118293
122172
119148
78160
98808
2147483647
93691
102077
65667
85911
116131
108987
115735
2147483647
113102
101772
2147483647
126360
104612
2147483647
2147483647
2147483647
108670
2147483647
104978
101631
2147483647
109409
94131
2147483647
119589
105221
76896
112288
2147483647
87974
93091
2147483647
104682
79856
2147483647
82620
88910
111393
97640
135654
110370
67165
2147483647
84586
89814
63670
99428
2147483647
114764
95845
106795
96498
112135
133560
96346
122990
96503
68867
116874
2147483647
2147483647
88928
2147483647
2147483647
2147483647
2147483647
102893
101268
2147483647
87412
2147483647
2147483647
2147483647
86095
2147483647
2147483647
99529
82664
2147483647
2147483647
100330
2147483647
91825
2147483647
74002
2147483647
2147483647
80254
87763
108292
102541
2147483647
122113
103399
95515
98522
88650
2147483647
2147483647
2147483647
2147483647
98519
2147483647
72877
2147483647
2147483647
53172
118157
2147483647
2147483647
94921
2147483647
100059
2147483647
93811
101028
101350
2147483647
112925
81797
92120
108070
2147483647
120646
125072
2147483647
2147483647
66861
78835
84399
2147483647
118553
2147483647
87778
2147483647
2147483647
2147483647
2147483647
2147483647
103657
2147483647
2147483647
87571
110737
122524
61365
2147483647
117636
2147483647
2147483647
2147483647
82757
2147483647
89667
2147483647
2147483647
96291
2147483647
90521
102355
108319
2147483647
77723
92136
80852
2147483647
59695
2147483647
133071
2147483647
2147483647
107897
2147483647
83155
2147483647
2147483647
96774
81718
118420
95963
2147483647
2147483647
113906
2147483647
103156
104793
104076
87423
2147483647
102819
102242
2147483647
106357
86601
107987
92900
95265
60785
2147483647
2147483647
115751
127134
110062
2147483647
2147483647
101305
74121
2147483647
2147483647
2147483647
109700
2147483647
116757
113706
90515
102041
2147483647
136859
2147483647
112609
96576
2147483647
106461
2147483647
77730
72804
114046
66647
2147483647
94975
150174
2147483647
42211
97754
85751
110964
74884
121685
115641
105645
98217
73267
102241
2147483647
112467
2147483647
105021
80012
86794
105698
69531
95608
115697
94978
77099
2147483647
107854
118234
2147483647
2147483647
97782
100497
2147483647
110797
2147483647
109746
2147483647
2147483647
2147483647
2147483647
107931
80614
88415
2147483647
2147483647
88377
2147483647
2147483647
97224
2147483647
2147483647
2147483647
2147483647
100392
92657
131780
2147483647
109128
89738
95991
99431
100092
81061
2147483647
2147483647
118269
2147483647
90784
96242
81686
2147483647
84202
2147483647
94111
141728
125113
107318
2147483647
96395
97856
87378
2147483647
84934
81142
2147483647
62585
122879
110985
113537
2147483647
109133
77970
90343
2147483647
86146
94492
93696
107886
113786
103987
2147483647
2147483647
104571
105475
113775
2147483647
95193
2147483647
127667
134813
2147483647
2147483647
96766
6369
2147483647
114164
99598
2147483647
86103
103671
111917
2147483647
2147483647
2147483647
87168
116754
2147483647
100544
96142
97009
60576
2147483647
2147483647
96368
2147483647
86706
2147483647
102660
111699
2147483647
104423
159721
2147483647
75898
2147483647
87945
2147483647
115403
113125
74432
86484
2147483647
104506
137301
92489
109798
91292
2147483647
2147483647
2147483647
2147483647
106135
2147483647
102929
92534
2147483647
87819
84202
108749
2147483647
2147483647
2147483647
2147483647
2147483647
114346
105681
2147483647
2147483647
115093
70884
2147483647
2147483647
2147483647
2147483647
71128
88041
91466
114234
106439
2147483647
98134
2147483647
108227
97999
152146
88215
2147483647
2147483647
91377
110531
133861
129065
2147483647
2147483647
92707
2147483647
2147483647
93710
2147483647
2147483647
110640
111153
2147483647
2147483647
93057
168640
2147483647
66530
111813
2147483647
2147483647
108246
84077
107797
100184
2147483647
91334
87128
78735
90765
107428
2147483647
108875
72433
91798
133393
2147483647
96749
2147483647
2147483647
108311
2147483647
94353
100316
90998
94936
2147483647
100596
91619
95781
2147483647
2147483647
108283
109001
89038
108421
2147483647
94639
81517
2147483647
94500
112197
2147483647
126980
2147483647
95254
77881
121089
116344
124969
82966
100496
108925
2147483647
99574
2147483647
97323
2147483647
97423
110825
97741
101473
59619
97712
94675
2147483647
102723
115048
2147483647
2147483647
97404
78445
2147483647
122759
2147483647
151501
140236
58229
111173
81163
2147483647
36409
92224
2147483647
102851
2147483647
102515
84610
108558
2147483647
103941
73095
2147483647
88064
93619
85303
2147483647
106361
92687
120937
86491
87676
92969
2147483647
82759
103794
2147483647
86883
103949
93017
97259
2147483647
91282
2147483647
2147483647
106879
108151
102805
105772
2147483647
119078
2147483647
2147483647
88335
2147483647
2147483647
2147483647
2147483647
2147483647
2147483647
75019
119160
2147483647
78964
136462
92204
2147483647
82809
2147483647
105830
102981
88194
2147483647
2147483647
2147483647
126148
118870
102466
2147483647
74566
2147483647
82049
2147483647
106235
2147483647
91465
2147483647
88505
71725
2147483647
2147483647
2147483647
2147483647
100503
2147483647
57717
2147483647
100547
2147483647
89667
88269
83174
133933
2147483647
80126
126824
2147483647
62350
2147483647
89477
92609
98263
2147483647
104350
2147483647
68905
2147483647
87194
2147483647
2147483647
2147483647
2147483647
76931
110117
2147483647
96159
2147483647
2147483647
2147483647
86551
2147483647
2147483647
112186
107281
103179
105823
2147483647
126241
94912
116249
2147483647
88683
98052
2147483647
86240
2147483647
75636
2147483647
2147483647
2147483647
94790
2147483647
2147483647
110053
80927
128552
90020
2147483647
114470
91819
114222
99534
2147483647
96138
144693
2147483647
2147483647
125283
69279
110235
2147483647
2147483647
2147483647
104166
102693
87491
2147483647
83380
2147483647
2147483647
2147483647
92012
102563
108000
2147483647
104013
2147483647
2147483647
2147483647
115612
2147483647
2147483647
104234
91956
117166
105713
99018
2147483647
95285
2147483647
81477
139809
81768
94355
124838
2147483647
2147483647
107895
2147483647
2147483647
104694
79009
99476
2147483647
96345
98506
2147483647
80300
2147483647
124130
101514
85626
2147483647
79771
2147483647
85849
52147
100801
2147483647
96246
95851
93803
2147483647
132330
2147483647
98427
76376
2147483647
2147483647
88294
2147483647
112945
2147483647
114940
108895
2147483647
2147483647
2147483647
106456
96276
93606
2147483647
113610
105791
2147483647
105366
103908
86829
70723
2147483647
112239
2147483647
113867
98624
82245
96915
85673
2147483647
105068
85651
92354
2147483647
2147483647
2147483647
113727
106527
2147483647
93959
2147483647
84822
2147483647
2147483647
55416
2147483647
117569
2147483647
110968
90360
95487
2147483647
2147483647
81119
2147483647
100334
119585
2147483647
2147483647
89973
98901
122348
84271
2147483647
110900
96018
121303
2147483647
118015
103030
131894
107602
97895
2147483647
2147483647
106921
98088
2147483647
2147483647
93180
2147483647
2147483647
2147483647
102287
84775
103608
86116
75928
61431
2147483647
88025
90371
2147483647
92989
2147483647
109652
131057
93918
125758
96598
117107
99842
2147483647
102847
82532
88767
99848
80577
105104
101564
2147483647
2147483647
2147483647
2147483647
78859
98973
99959
145728
2147483647
2147483647
130989
2147483647
2147483647
2147483647
106612
100223
100496
119065
85166
68389
2147483647
114087
2147483647
91204
127291
2147483647
2147483647
2147483647
101310
2147483647
86546
124049
2147483647
2147483647
2147483647
2147483647
2147483647
2147483647
2147483647
108032
2147483647
95350
95765
102139
89734
114440
102576
2147483647
2147483647
96198
81139
119524
98263
2147483647
103647
112128
2147483647
2147483647
2147483647
2147483647
2147483647
94937
86920
105022
112093
89856
2147483647
123166
107610
105436
101676
2147483647
91466
107359
2147483647
98798
125411
104511
109389
74446
96339
2147483647
2147483647
113726
80492
89023
2147483647
93335
2147483647
97423
101881
110975
97034
82045
60290
2147483647
93218
2147483647
2147483647
91040
112407
2147483647
84024
2147483647
2147483647
58045
89948
2147483647
119458
2147483647
105580
86611
97946
111968
2147483647
146323
128108
2147483647
59507
2147483647
101780
103716
97888
109810
69997
94143
89566
104545
116937
147670
81639
84307
2147483647
2147483647
94093
91749
2147483647
99911
103932
2147483647
113664
50226
2147483647
2147483647
2147483647
59220
120698
112452
100383
2147483647
96003
2147483647
115279
2147483647
2147483647
81482
2147483647
114641
2147483647
2147483647
103194
121083
73944
2147483647
111133
102161
85469
96968
95440
94422
2147483647
2147483647
2147483647
83904
104919
81549
109312
105665
85416
131277
82620
104227
2147483647
92651
2147483647
2147483647
2147483647
111851
2147483647
2147483647
77930
2147483647
2147483647
2147483647
78542
155091
115385
80856
96581
2147483647
2147483647
83578
2147483647
65614
2147483647
94412
2147483647
2147483647
90039
115803
105668
2147483647
103192
2147483647
2147483647
88766
2147483647
2147483647
2147483647
116106
103859
99704
91389
83417
101313
104661
93656
2147483647
105893
98735
105032
131861
2147483647
118921
119287
100244
2147483647
2147483647
85749
2147483647
98777
86988
86559
88274
126084
95220
138300
117892
102225
2147483647
2147483647
2147483647
109976
98936
98327
98415
74974
2147483647
115675
94140
67086
2147483647
2147483647
96718
2147483647
96600
76285
93428
2147483647
98224
88821
106437
2147483647
82018
93785
2147483647
2147483647
115174
78954
109871
81826
2147483647
96469
102809
2147483647
104897
113555
88963
105115
102671
83689
93711
92292
81288
132376
102350
2147483647
101930
2147483647
2147483647
2147483647
2147483647
109168
85347
2147483647
2147483647
98448
106226
80037
110461
95633
97783
100988
97316
106041
104932
2147483647
97487
93121
2147483647
2147483647
2147483647
2147483647
2147483647
88516
2147483647
2147483647
104451
93673
105946
87722
2147483647
2147483647
2147483647
2147483647
2147483647
2147483647
93897
2147483647
98426
2147483647
93652
77715
117042
2147483647
106568
94032
2147483647
114330
76649
163256
103380
2147483647
87513
2147483647
2147483647
2147483647
97286
74057
89858
105780
105573
2147483647
114588
73568
85235
100155
2147483647
70159
2147483647
2147483647
2147483647
2147483647
109747
112144
102995
108213
2147483647
88420
121919
80210
100178
113633
2147483647
88272
2147483647
82185
115403
107183
99073
78202
93564
108190
97427
2147483647
101553
151553
102052
2147483647
109590
2147483647
87626
2147483647
100600
83043
2147483647
2147483647
108123
113602
97656
2147483647
102882
2147483647
2147483647
103315
115254
99416
2147483647
2147483647
93398
2147483647
88238
2147483647
84084
108007
112063
92797
113021
2147483647
2147483647
114485
94677
101398
2147483647
96522
2147483647
2147483647
2147483647
107306
2147483647
112381
82904
2147483647
2147483647
96583
96509
2147483647
93504
92269
95839
2147483647
2147483647
2147483647
87458
2147483647
102842
2147483647
108987
91626
2147483647
2147483647
2147483647
2147483647
2147483647
114642
87745
2147483647
110988
81660
2147483647
2147483647
96839
2147483647
95421
96271
97946
2147483647
2147483647
106887
2147483647
124667
96309
2147483647
102638
2147483647
110029
76155
106792
103311
94488
2147483647
98889
121206
105061
78934
105708
111353
61923
2147483647
2147483647
2147483647
90847
2147483647
60023
2147483647
63204
2147483647
117253
2147483647
106304
121343
2147483647
77821
89219
2147483647
2147483647
2147483647
73006
104984
82068
99696
2147483647
2147483647
97300
2147483647
102588
91114
109434
104020
131258
92890
2147483647
79295
2147483647
2147483647
115936
2147483647
123598
2147483647
108296
65845
86809
2147483647
89897
107595
73985
2147483647
2147483647
2147483647
83752
77657
103111
2147483647
91537
2147483647
55480
109263
108956
87541
88109
116388
2147483647
2147483647
74357
2147483647
89137
94413
2147483647
79364
2147483647
125160
83589
2147483647
2147483647
2147483647
102480
104452
2147483647
2147483647
81682
2147483647
82799
99138
2147483647
2147483647
82280
2147483647
2147483647
80315
88467
2147483647
104162
2147483647
111926
108194
120503
87280
84208
2147483647
2147483647
108577
103744
2147483647
2147483647
91088
99133
2147483647
2147483647
70987
115722
2147483647
85213
94254
92121
123023
2147483647
85733
2147483647
110498
95800
102092
93049
119050
2147483647
80014
2147483647
2147483647
2147483647
84235
101982
155452
115088
110390
2147483647
2147483647
2147483647
2147483647
2147483647
93247
100421
93193
117768
88103
99011
115735
100080
2147483647
107032
91005
2147483647
2147483647
2147483647
87095
115359
83140
97799
97808
102601
71183
113868
90254
87852
2147483647
104013
2147483647
86434
85180
65805
96834
2147483647
2147483647
2147483647
2147483647
2147483647
66990
95003
98030
95965
149510
127207
87833
102385
2147483647
80209
100673
105037
2147483647
113610
63019
2147483647
113704
108854
76418
104048
108232
109135
107712
71920
76645
2147483647
88653
2147483647
90817
115998
8778
114866
85783
115806
103035
123498
113074
2147483647
91343
104146
2147483647
105802
119705
97683
94190
101344
2147483647
2147483647
95410
30348
2147483647
124252
2147483647
100283
102071
98235
118695
2147483647
111160
92054
2147483647
2147483647
107843
2147483647
80315
118451
2147483647
111663
111029
2147483647
2147483647
121973
2147483647
116206
94479
101237
101960
100858
99664
2147483647
78500
2147483647
2147483647
106003
36491
72864
2147483647
89808
2147483647
91425
98692
94055
2147483647
101456
105398
2147483647
86251
76661
86043
2147483647
97033
103507
98374
2147483647
99300
2147483647
2147483647
112687
126296
84625
68390
2147483647
2147483647
110321
81111
2147483647
2147483647
2147483647
2147483647
2147483647
101179
2147483647
2147483647
65702
2147483647
97596
103227
2147483647
2147483647
100920
2147483647
76429
2147483647
103008
99628
119516
108496
88517
2147483647
2147483647
2147483647
57684
108941
2147483647
86262
135043
85942
2147483647
106933
107077
2147483647
119430
2147483647
87914
100861
2147483647
2147483647
65939
2147483647
2147483647
102206
109160
2147483647
134265
107332
93191
86786
2147483647
81290
96561
69407
113002
107713
73686
103465
97988
89322
101621
103120
2147483647
175031
113213
105868
2147483647
2147483647
72946
2147483647
103881
2147483647
95193
88796
2147483647
109692
97913
2147483647
2147483647
93099
102350
90354
99750
104463
108647
95826
2147483647
91804
82377
97686
59573
2147483647
2147483647
110730
64452
97610
104925
2147483647
128198
2147483647
2147483647
62293
93952
2147483647
65694
129862
2147483647
2147483647
104099
86376
83286
2147483647
93471
98282
2147483647
109097
98882
102791
106235
2147483647
2147483647
127360
2147483647
98217
107297
64269
86116
2147483647
107961
2147483647
2147483647
104757
2147483647
2147483647
107092
111182
2147483647
2147483647
2147483647
2147483647
82852
70741
91750
102498
81977
83962
97903
105627
94881
98755
2147483647
73442
101245
2147483647
103153
2147483647
2147483647
66883
95511
127624
118117
103226
129961
2147483647
2147483647
2147483647
116602
117399
2147483647
51885
93044
73485
2147483647
87009
2147483647
95860
2147483647
2147483647
2147483647
2147483647
105506
120640
97102
2147483647
107935
99595
2147483647
138875
93838
118594
100464
82598
113535
89303
2147483647
2147483647
2147483647
59370
92991
90230
62961
109904
75826
116573
82235
107325
2147483647
2147483647
2147483647
97285
93284
110912
2147483647
2147483647
2147483647
152655
2147483647
2147483647
2147483647
2147483647
126084
61350
98687
83953
141365
94983
92574
117205
2147483647
2147483647
108958
91485
100215
51972
107773
2147483647
2147483647
2147483647
91426
57614
2147483647
87876
107879
95200
95968
96203
2147483647
125797
2147483647
2147483647
2147483647
2147483647
94735
2147483647
137044
2147483647
72170
2147483647
101194
2147483647
102505
103594
63821
59570
2147483647
102139
119293
110787
104855
2147483647
124275
2147483647
119571
2147483647
97273
123125
99490
95524
100111
2147483647
2147483647
78442
133477
92572
107656
2147483647
115006
2147483647
101562
101012
102674
2147483647
2147483647
2147483647
2147483647
95767
96564
2147483647
83187
59697
82048
73195
2147483647
116038
132049
110622
90497
108480
75141
2147483647
78598
2147483647
2147483647
88018
2147483647
57939
110933
2147483647
2147483647
99874
2147483647
93807
90572
104031
2147483647
96743
106256
93540
99134
2147483647
100925
2147483647
2147483647
2147483647
106432
2147483647
2147483647
94673
107200
118818
118430
2147483647
112739
2147483647
94674
104615
98402
100528
118770
92677
96876
2147483647
97813
94255
126283
108437
95044
2147483647
103452
98075
137340
116008
112868
97335
93238
116259
87077
94391
96893
100045
91952
2147483647
2147483647
73038
93308
2147483647
68957
117290
106612
95209
95989
82221
2147483647
82933
105025
105420
2147483647
2147483647
2147483647
2147483647
72496
86455
2147483647
2147483647
2147483647
110873
105762
2147483647
2147483647
90000
2147483647
2147483647
2147483647
2147483647
2147483647
2147483647
101924
2147483647
135072
99638
2147483647
88523
2147483647
2147483647
2147483647
2147483647
88886
2147483647
78012
2147483647
2147483647
2147483647
59529
107558
2147483647
100891
134950
2147483647
2147483647
2147483647
2147483647
104019
2147483647
2147483647
2147483647
2147483647
2147483647
99866
73207
112101
100009
2147483647
96261
109845
2147483647
2147483647
91683
86387
2147483647
84163
2147483647
91398
117733
104054
2147483647
2147483647
86078
101852
64515
101472
141053
2147483647
112633
114969
98350
86429
52770
109630
85314
121291
105805
106820
104996
2147483647
78891
85063
96089
2147483647
2147483647
102398
107176
100154
2147483647
101942
2147483647
57912
90811
2147483647
96567
94538
103062
2147483647
114162
86557
2147483647
87401
2147483647
2147483647
109442
91338
89663
2147483647
95435
2147483647
96443
2147483647
99439
98630
100527
102650
2147483647
2147483647
95472
107883
116616
87371
2147483647
87286
74726
135592
102193
91273
109718
82555
83597
2147483647
66134
95668
123515
2147483647
129282
103255
103461
87314
62582
93440
2147483647
2147483647
2147483647
94568
2147483647
67196
126884
107988
106148
101328
108035
84835
70645
77314
104503
2147483647
2147483647
63457
87045
99667
78394
89976
2147483647
134995
99894
90285
2147483647
121125
101323
2147483647
2147483647
2147483647
84119
96099
92112
97255
2147483647
2147483647
94000
2147483647
72405
2147483647
2147483647
100913
98041
2147483647
2147483647
2147483647
2147483647
65232
93708
75352
111446
69383
2147483647
82755
2147483647
2147483647
2147483647
2147483647
2147483647
93359
2147483647
99443
107093
85644
95556
2147483647
2147483647
2147483647
114630
2147483647
2147483647
2147483647
103855
94309
97555
2147483647
114704
91655
2147483647
93508
81989
2147483647
2147483647
90106
104230
2147483647
62497
2147483647
2147483647
91437
2147483647
113243
101787
2147483647
97171
103100
96470
84762
2147483647
107030
91554
2147483647
2147483647
96543
2147483647
119292
2147483647
80154
2147483647
61775
101890
2147483647
2147483647
2147483647
116648
114244
2147483647
95351
2147483647
89284
100140
45928
89707
2147483647
77530
98613
86310
108655
2147483647
2147483647
97992
102647
109567
2147483647
59876
71669
124577
102475
99683
2147483647
120733
88766
2147483647
105675
2147483647
87182
99295
96450
91328
47316
94822
2147483647
2147483647
66965
105894
88734
97536
107416
2147483647
2147483647
109867
91434
95869
79760
2147483647
97917
112234
82063
100803
80274
2147483647
2147483647
90524
2147483647
2147483647
2147483647
132582
111670
96354
100876
112611
104887
111337
126023
2147483647
2147483647
64390
102759
108782
100526
83850
99729
95640
95360
2147483647
87856
105005
79823
2147483647
87742
2147483647
88802
82965
81424
104268
110130
73327
2147483647
2147483647
2147483647
99447
113744
66463
2147483647
2147483647
2147483647
105052
100458
2147483647
111899
88294
94708
93729
2147483647
52824
2147483647
110421
93244
2147483647
58858
118983
93487
2147483647
113788
100650
2147483647
110939
82379
85822
132442
118985
2147483647
2147483647
2147483647
2147483647
103462
2147483647
2147483647
50116
89481
117326
120904
2147483647
110267
88953
2147483647
2147483647
2147483647
91205
97279
101052
98697
2147483647
83688
2147483647
92950
54389
70949
65821
94585
64634
2147483647
116634
90672
2147483647
2147483647
93432
84160
71367
2147483647
95830
107134
2147483647
2147483647
60748
2147483647
2147483647
2147483647
2147483647
83623
2147483647
2147483647
2147483647
112186
88848
79176
85663
2147483647
110135
112942
2147483647
99306
107390
99477
123041
89708
2147483647
133556
85407
2147483647
2147483647
72925
116616
137823
103754
2147483647
105857
111028
114909
105623
50073
2147483647
2147483647
113599
66309
90773
2147483647
98763
89952
96146
76386
2147483647
78795
71823
2147483647
107557
2147483647
2147483647
2147483647
91885
122500
84427
78045
76351
2147483647
2147483647
88676
150094
2147483647
76886
2147483647
97958
79830
104040
76902
123164
100650
82678
2147483647
85125
109694
2147483647
134435
101688
110361
124851
2147483647
88830
73176
2147483647
2147483647
110718
2147483647
2147483647
2147483647
2147483647
112468
2147483647
101994
98442
22363
2147483647
62343
2147483647
2147483647
87388
96707
124180
2147483647
2147483647
108581
102210
2147483647
2147483647
99505
94239
127186
101582
94911
113980
115294
2147483647
137667
2147483647
2147483647
58494
101556
75799
85685
2147483647
2147483647
2147483647
115473
2147483647
2147483647
91411
94443
2147483647
2147483647
2147483647
2147483647
98303
91103
109503
107398
122719
107782
2147483647
2147483647
84470
84722
78309
2147483647
2147483647
97278
74692
2147483647
2147483647
2147483647
2147483647
85499
2147483647
86272
94238
78994
2147483647
135421
122671
85534
120903
2147483647
2147483647
100684
95409
2147483647
67784
98195
2147483647
132963
114494
2147483647
101978
100985
102792
2147483647
2147483647
96154
112577
2147483647
2147483647
2147483647
111583
113571
138602
89340
2147483647
2147483647
88294
91308
89008
2147483647
84708
2147483647
87903
2147483647
113106
104999
95398
2147483647
2147483647
2147483647
113555
105548
126200
97017
99985
97860
72094
115919
2147483647
83761
2147483647
99697
66540
103226
2147483647
103708
97423
2147483647
2147483647
106513
87264
130761
90294
98734
108241
2147483647
106472
110042
2147483647
91650
2147483647
2147483647
91889
2147483647
89866
120049
112720
77047
76075
121222
2147483647
95946
100055
2147483647
75549
97154
2147483647
92988
93686
2147483647
100861
78603
110818
104469
105463
2147483647
87641
109571
107563
2147483647
2147483647
2147483647
81786
2147483647
109741
2147483647
87958
109971
101966
2147483647
86802
109700
83208
102890
2147483647
98007
102891
2147483647
109415
2147483647
2147483647
83134
2147483647
109970
118820
98436
2147483647
2147483647
102836
127855
2147483647
123339
94423
2147483647
69750
115777
80176
96175
94789
87417
2147483647
2147483647
2147483647
100185
99087
2147483647
2147483647
98758
2147483647
97627
69887
2147483647
110843
2147483647
2147483647
2147483647
110188
2147483647
2147483647
2147483647
91253
2147483647
2147483647
86008
2147483647
2147483647
80388
108892
93865
105015
88981
100279
92120
135776
2147483647
104782
80571
105081
134206
70594
88171
94440
106221
107567
88105
2147483647
2147483647
2147483647
104745
105406
2147483647
84899
110285
88851
99536
106470
97848
95490
55602
87425
122805
100647
92288
113434
91025
89633
2147483647
82001
2147483647
2147483647
2147483647
131679
2147483647
2147483647
123926
102509
2147483647
53611
2147483647
112217
99934
94558
85571
132401
101194
122030
2147483647
93621
102215
2147483647
2147483647
84893
2147483647
2147483647
113011
94757
2147483647
2147483647
106122
2147483647
2147483647
80251
2147483647
2147483647
2147483647
93096
2147483647
106200
2147483647
95878
111107
2147483647
101657
110765
106044
107935
74591
112221
87973
127914
89990
114036
2147483647
115171
100892
2147483647
107582
106863
101501
2147483647
84993
2147483647
107078
95763
108816
78804
81195
78550
2147483647
116717
106528
120555
99265
2147483647
81438
114558
95755
95913
2147483647
125026
82354
2147483647
105188
2147483647
107691
93658
2147483647
89914
94193
2147483647
2147483647
99022
118220
2147483647
2147483647
117840
2147483647
114732
2147483647
120251
2147483647
115227
139032
123013
118166
84910
135732
121917
80238
93493
93578
2147483647
101125
105472
93647
2147483647
89442
2147483647
129019
78313
2147483647
69013
2147483647
2147483647
2147483647
74908
106519
99217
2147483647
2147483647
95204
113436
113219
85468
105967
2147483647
132049
2147483647
2147483647
68786
2147483647
104252
2147483647
101939
167579
104592
2147483647
2147483647
2147483647
94209
96866
2147483647
98470
98093
78771
103595
104976
2147483647
120584
90505
79772
107820
2147483647
105163
109675
2147483647
97331
2147483647
109901
88035
109364
92301
97367
86049
91226
71759
2147483647
122498
2147483647
102553
87861
2147483647
2147483647
102559
75379
92481
2147483647
112468
2147483647
2147483647
2147483647
65224
2147483647
95010
93119
86576
2147483647
2147483647
136396
92316
2147483647
100026
101470
98077
102683
2147483647
86025
93711
2147483647
97375
88219
2147483647
2147483647
84186
2147483647
100441
2147483647
111391
78361
112446
127529
2147483647
2147483647
51278
106318
120064
125008
100819
2147483647
93583
97249
123896
97214
2147483647
2147483647
103280
2147483647
2147483647
158839
58009
80003
90176
91335
94640
2147483647
2147483647
2147483647
2147483647
93022
93101
86731
99129
92111
2147483647
133092
102688
2147483647
71711
2147483647
89834
65309
90494
99674
2147483647
2147483647
93771
2147483647
2147483647
2147483647
123736
97387
2147483647
124665
80106
2147483647
126349
2147483647
2147483647
113583
85570
101692
2147483647
117893
117434
88275
120931
98333
119317
65036
2147483647
108534
106086
2147483647
2147483647
106127
70492
160888
112261
113481
2147483647
2147483647
2147483647
86917
71812
71287
2147483647
91303
2147483647
104372
111437
112192
110058
2147483647
2147483647
2147483647
89576
2147483647
124528
114334
2147483647
90860
125193
104678
131905
2147483647
96181
90270
2147483647
85432
59639
92443
120834
89856
112412
67214
101390
96680
140095
91249
91883
2147483647
82025
93670
106799
2147483647
103738
2147483647
89910
2147483647
106071
97568
71571
2147483647
2147483647
89504
94602
86505
99444
2147483647
82246
81593
104539
86750
2147483647
74038
85308
2147483647
60249
2147483647
75850
101217
100383
2147483647
94617
86122
2147483647
90696
2147483647
2147483647
91873
95606
93208
2147483647
108716
2147483647
110110
2147483647
2147483647
97657
101611
2147483647
75381
98870
101491
102449
116177
2147483647
102990
125002
2147483647
109864
2147483647
2147483647
2147483647
2147483647
116172
46843
103593
2147483647
100128
2147483647
2147483647
2147483647
91573
109431
2147483647
98498
2147483647
83558
2147483647
80436
124571
91752
2147483647
2147483647
62059
87194
67023
81736
95832
2147483647
105795
79779
100525
2147483647
110859
109092
2147483647
92169
81116
2147483647
2147483647
100752
79992
2147483647
2147483647
117855
94282
2147483647
2147483647
138280
2147483647
104863
2147483647
105730
97153
94923
2147483647
110158
2147483647
68752
92490
80504
2147483647
88004
114445
85734
97617
112051
107192
2147483647
2147483647
2147483647
2147483647
119844
58654
2147483647
92185
118187
94232
2147483647
79008
2147483647
89141
104029
86447
89756
89559
99275
91063
69733
91530
120721
97371
130357
117905
2147483647
2147483647
2147483647
131323
2147483647
111765
2147483647
102569
100716
2147483647
128141
2147483647
115527
123676
92390
62424
95354
119407
95003
109236
88728
2147483647
101919
2147483647
105088
112971
2147483647
88060
117391
78558
82322
13359
121274
121597
90617
2147483647
2147483647
122565
139260
2147483647
100505
90715
133893
123716
2147483647
2147483647
72948
108405
108204
2147483647
158626
65984
2147483647
74651
109652
81316
2147483647
79730
116877
2147483647
2147483647
96110
81050
2147483647
84480
2147483647
100623
103111
97603
99688
2147483647
2147483647
90934
99241
68087
2147483647
115423
2147483647
83961
119948
73614
104383
2147483647
114650
114133
87565
94494
125951
2147483647
2147483647
104081
111166
129241
116902
103976
2147483647
77097
2147483647
93443
2147483647
2147483647
2147483647
86255
2147483647
2147483647
2147483647
2147483647
2147483647
92981
90680
2147483647
2147483647
2147483647
95123
2147483647
2147483647
79365
88643
2147483647
2147483647
72134
88592
2147483647
99454
95261
2147483647
2147483647
2147483647
112429
80007
2147483647
72558
102293
2147483647
102401
2147483647
2147483647
95748
88309
2147483647
105452
2147483647
2147483647
2147483647
2147483647
101976
2147483647
92662
96763
2147483647
2147483647
77103
122865
106468
116246
117314
2147483647
84154
2147483647
101000
106867
90973
2147483647
114631
2147483647
98635
100187
112021
102219
95965
2147483647
76157
2147483647
125132
89367
2147483647
119758
119034
108260
74496
2147483647
2147483647
2147483647
109821
82854
2147483647
2147483647
65038
92540
98656
125204
113340
2147483647
94669
79972
101344
2147483647
2147483647
94311
129646
98839
2147483647
84487
109146
52459
75171
117955
2147483647
105696
2147483647
2147483647
2147483647
108490
110571
2147483647
95331
131152
2147483647
83721
102825
97494
101585
120115
93654
2147483647
110915
102625
2147483647
74510
85898
90236
69485
2147483647
84759
2147483647
2147483647
113746
119678
107236
2147483647
2147483647
2147483647
73777
100701
126390
78871
119973
80791
92036
114155
104718
109023
107807
123232
136939
125236
2147483647
81503
2147483647
103775
2147483647
71816
99532
94599
2147483647
86820
108865
111633
2147483647
75740
83984
2147483647
2147483647
91643
97062
2147483647
98303
2147483647
100546
93488
2147483647
2147483647
93282
2147483647
107559
85349
2147483647
2147483647
2147483647
97768
78330
2147483647
86178
91012
2147483647
2147483647
71872
93333
61717
80236
95790
120873
103610
2147483647
2147483647
2147483647
2147483647
2147483647
2147483647
77962
89651
2147483647
114844
2147483647
2147483647
112800
89335
2147483647
2147483647
51404
2147483647
131387
97304
91336
2147483647
119725
45496
83962
74180
78096
2147483647
129501
102545
114994
132806
2147483647
2147483647
113720
117778
78208
2147483647
115216
2147483647
2147483647
2147483647
2147483647
91618
2147483647
2147483647
117476
123533
94178
73445
2147483647
66780
98029
113205
114808
2147483647
94771
100518
2147483647
2147483647
90460
100338
111237
102802
2147483647
93157
2147483647
106728
2147483647
89410
2147483647
2147483647
94974
83464
73217
2147483647
114662
105430
2147483647
2147483647
107260
95845
98339
106343
113327
2147483647
151408
2147483647
93143
88961
107361
103868
2147483647
108295
119907
105207
2147483647
2147483647
2147483647
122417
87629
89460
2147483647
114818
97804
106004
110590
2147483647
2147483647
88746
69218
2147483647
83319
91442
2147483647
85489
106781
78537
65239
84200
94873
2147483647
88984
82128
91085
104517
79386
88151
2147483647
101912
98903
2147483647
2147483647
91816
103182
122701
57266
2147483647
2147483647
2147483647
93649
2147483647
2147483647
2147483647
71320
2147483647
2147483647
95451
112416
72996
93626
110579
100549
2147483647
107817
2147483647
99168
2147483647
106686
103824
98769
2147483647
97831
2147483647
2147483647
2147483647
114805
115336
81143
99063
2147483647
81521
2147483647
87645
2147483647
107475
79230
2147483647
2147483647
100124
93015
2147483647
75766
87088
102449
107832
2147483647
2147483647
2147483647
2147483647
114638
2147483647
95967
81689
2147483647
96628
2147483647
93805
2147483647
88291
100704
106377
96463
94584
94960
110612
105439
88669
94980
2147483647
108262
102982
2147483647
2147483647
91731
100905
2147483647
2147483647
2147483647
108722
2147483647
123840
2147483647
2147483647
2147483647
92911
99687
2147483647
117621
101574
68114
98205
115840
100086
73277
82187
87015
85550
2147483647
108555
91453
72761
88167
78991
109398
61162
2147483647
2147483647
2147483647
2147483647
97856
2147483647
2147483647
109304
91449
98616
105163
2147483647
2147483647
2147483647
81055
2147483647
2147483647
2147483647
91826
102653
2147483647
2147483647
117912
102413
101357
85140
2147483647
2147483647
2147483647
103655
94610
2147483647
2147483647
2147483647
128533
115772
91635
2147483647
84803
100104
102098
78387
93772
71879
2147483647
78626
99884
77776
91201
2147483647
111997
109713
70878
75044
107606
111857
107102
2147483647
67128
93357
2147483647
2147483647
109612
77422
111697
2147483647
88085
2147483647
72178
103162
88506
94733
94810
101829
100402
2147483647
69725
2147483647
2147483647
106312
77259
94946
96494
81505
102512
2147483647
105416
97183
95304
108824
2147483647
112118
2147483647
2147483647
2147483647
113877
112609
2147483647
93086
2147483647
2147483647
86592
95927
104589
110286
108781
65647
2147483647
107522
96392
2147483647
117836
104316
87363
108889
83011
115231
146120
99937
100370
105189
117076
2147483647
94119
2147483647
2147483647
2147483647
2147483647
2147483647
2147483647
97058
39919
108046
106316
100008
2147483647
79397
110705
120875
78359
2147483647
102989
78140
2147483647
88054
2147483647
74924
97415
2147483647
2147483647
67452
105623
98260
99510
2147483647
114483
98928
2147483647
99834
2147483647
110435
82739
2147483647
95550
2147483647
101923
2147483647
2147483647
100829
123375
2147483647
2147483647
105041
92555
104692
2147483647
71894
85616
101991
2147483647
99782
98728
118006
2147483647
2147483647
90407
80298
2147483647
2147483647
93057
52398
94323
2147483647
68850
2147483647
131182
89641
2147483647
119097
2147483647
2147483647
2147483647
81934
86724
2147483647
98711
2147483647
88678
109874
120325
2147483647
2147483647
136653
90459
2147483647
79230
116632
78351
2147483647
104454
117512
2147483647
2147483647
103991
2147483647
2147483647
95875
117734
2147483647
108098
90868
2147483647
109460
2147483647
2147483647
110589
90193
2147483647
90072
2147483647
2147483647
84206
2147483647
94845
111689
2147483647
2147483647
2147483647
2147483647
97963
133658
2147483647
2147483647
72791
118098
2147483647
89947
72988
138408
94677
2147483647
89227
92067
2147483647
99861
63091
2147483647
64936
2147483647
110049
105423
107317
83627
97624
2147483647
81048
107248
95810
2147483647
65060
2147483647
115242
100599
83249
110212
85407
78235
122783
2147483647
106463
79920
2147483647
101952
2147483647
120182
73990
2147483647
2147483647
2147483647
82746
104617
159558
80732
102956
2147483647
2147483647
110506
80572
112685
105314
102375
2147483647
106032
84854
95571
2147483647
118324
2147483647
106962
2147483647
132755
2147483647
122341
107816
2147483647
72927
92333
103149
101944
114256
101388
2147483647
102907
2147483647
2147483647
95451
95478
101625
2147483647
111082
2147483647
70858
125360
92716
87721
75299
2147483647
97472
93773
2147483647
89901
75206
90701
117000
92155
2147483647
2147483647
100453
107711
2147483647
103039
2147483647
2147483647
89622
2147483647
2147483647
112284
2147483647
76217
2147483647
99009
90402
2147483647
51936
2147483647
2147483647
2147483647
2147483647
2147483647
2147483647
113387
94933
87638
104685
2147483647
106797
96226
110924
66887
2147483647
84509
2147483647
113523
116283
74936
115964
91701
101347
93256
2147483647
2147483647
2147483647
84182
115241
114487
87416
2147483647
2147483647
2147483647
2147483647
2147483647
66190
2147483647
2147483647
110784
2147483647
96214
88202
84757
2147483647
2147483647
76154
91702
63008
2147483647
2147483647
2147483647
91694
91020
91007
2147483647
97855
2147483647
107141
89406
70777
67932
83600
2147483647
105500
107159
123956
106429
70551
98109
2147483647
2147483647
98290
95808
2147483647
99682
93864
109522
80252
111145
111384
107087
2147483647
108854
2147483647
2147483647
104502
65762
2147483647
2147483647
2147483647
2147483647
2147483647
103771
2147483647
119004
2147483647
103639
2147483647
101646
95005
2147483647
2147483647
96451
2147483647
98318
99444
81558
111553
119599
76532
113479
2147483647
101358
116027
94402
105535
110213
104324
63768
2147483647
2147483647
91956
72705
2147483647
2147483647
2147483647
2147483647
88108
87119
86355
2147483647
101576
94840
111524
2147483647
109784
2147483647
103303
2147483647
104219
90091
56369
95988
107057
2147483647
2147483647
99344
102392
77185
2147483647
97462
2147483647
64318
107952
2147483647
96416
2147483647
90361
89607
86295
2147483647
86283
93917
103488
118582
2147483647
101796
2147483647
2147483647
2147483647
81804
2147483647
2147483647
2147483647
105261
110114
87746
92071
2147483647
2147483647
112952
102268
92463
92624
106716
105715
110252
2147483647
116870
93805
2147483647
59631
92187
100039
2147483647
72016
107781
104789
133527
104489
2147483647
120029
110927
101790
96223
2147483647
2147483647
174721
2147483647
98148
2147483647
100600
127842
168904
2147483647
2147483647
2147483647
2147483647
109744
100517
15936
81188
104163
2147483647
95091
42655
101897
103111
2147483647
2147483647
2147483647
97680
2147483647
88865
78309
106915
2147483647
110611
2147483647
2147483647
86127
104106
94457
2147483647
85499
106503
111908
96727
106199
108134
2147483647
123078
94453
2147483647
101164
2147483647
98164
76980
2147483647
83423
2147483647
90614
99619
81872
110261
96434
104697
92864
87419
115586
101197
94362
2147483647
87492
2147483647
2147483647
89436
2147483647
173891
2147483647
2147483647
108197
81779
2147483647
2147483647
100728
77654
119743
106176
86338
119315
2147483647
2147483647
2147483647
2147483647
105020
96690
2147483647
104358
107742
101253
2147483647
136798
107913
94099
2147483647
111887
90875
97737
2147483647
125176
118907
2147483647
103475
112445
88260
2147483647
113718
107336
111129
2147483647
98404
106986
2147483647
120689
96989
64269
84870
87556
79694
2147483647
99322
172308
2147483647
2147483647
2147483647
2147483647
87418
89542
2147483647
90657
2147483647
94584
93087
80250
107277
126171
100874
96528
2147483647
47717
98788
88746
121203
105103
120468
95752
84488
104002
94009
103458
2147483647
2147483647
89505
148151
90616
2147483647
119243
101167
103718
100552
123072
88632
97838
2147483647
94518
2147483647
2147483647
2147483647
119207
72619
103614
2147483647
95288
88861
106478
84502
2147483647
115645
2147483647
49049
2147483647
90980
92044
101509
2147483647
119557
106227
83729
89236
2147483647
111831
114473
2147483647
87564
110447
105839
102664
2147483647
2147483647
87077
106574
92732
2147483647
2147483647
2147483647
72307
93705
95211
112156
114310
94483
99446
105811
70994
2147483647
2147483647
87404
97423
115680
118929
2147483647
2147483647
100161
129585
118232
2147483647
99486
94885
2147483647
2147483647
2147483647
2147483647
107419
105667
7863
101816
2147483647
89021
2147483647
2147483647
76891
2147483647
107795
102744
2147483647
69120
108580
93053
2147483647
2147483647
141169
2147483647
92863
109226
88726
96390
136572
97955
74630
99459
96745
126151
93712
89120
62966
2147483647
96219
2147483647
117482
2147483647
44163
64481
121504
2147483647
89102
2147483647
107048
94938
105413
86604
76313
129633
83546
2147483647
89203
94975
101115
118554
82125
95628
2147483647
2147483647
99098
90422
2147483647
115454
68834
2147483647
82163
2147483647
113928
117408
2147483647
103407
2147483647
2147483647
101743
2147483647
2147483647
70897
2147483647
2147483647
118610
2147483647
2147483647
2147483647
2147483647
2147483647
2147483647
136354
54567
122928
108660
105148
2147483647
2147483647
92079
118534
2147483647
91283
2147483647
106195
2147483647
95788
2147483647
2147483647
2147483647
102772
100237
46073
2147483647
2147483647
109512
89010
2147483647
112770
89885
112653
2147483647
80788
2147483647
107982
95879
2147483647
115972
109884
98843
2147483647
2147483647
97536
91732
2147483647
102822
102533
2147483647
98453
2147483647
96922
2147483647
2147483647
105237
112085
2147483647
2147483647
88381
85089
102025
2147483647
101360
106079
90816
101008
136562
2147483647
116346
97777
108802
2147483647
2147483647
115090
2147483647
83809
82247
96489
108311
86286
112527
2147483647
2147483647
2147483647
2147483647
72722
81671
100515
114504
2147483647
2147483647
121550
105352
102431
102559
93915
73956
2147483647
102633
93564
127674
80173
89638
2147483647
103535
124059
2147483647
2147483647
2147483647
2147483647
94764
115038
2147483647
2147483647
2147483647
104412
2147483647
86522
2147483647
74224
126304
2147483647
71453
109125
2147483647
105860
2147483647
2147483647
123144
100457
2147483647
2147483647
2147483647
2147483647
78945
101131
2147483647
121382
92149
2147483647
2147483647
98013
2147483647
102424
101118
99199
81342
121167
2147483647
2147483647
96211
100784
90967
2147483647
101918
124107
125218
107330
2147483647
2147483647
111251
105792
109680
90688
78805
90866
89559
67479
81409
2147483647
103271
105811
2147483647
123351
96554
2147483647
116679
99240
88452
94833
2147483647
100591
81394
81406
134328
108717
75622
2147483647
2147483647
124697
87011
93394
94307
66637
94434
73178
115482
56691
2147483647
2147483647
99287
2147483647
2147483647
90168
90053
106730
2147483647
97951
2147483647
67776
102626
69240
94830
67609
2147483647
2147483647
105589
119862
100414
116962
95792
99426
124903
106823
2147483647
2147483647
100747
2147483647
2147483647
106269
2147483647
2147483647
2147483647
2147483647
2147483647
104254
86354
114040
71206
126329
87643
2147483647
2147483647
80658
2147483647
99072
98832
85643
2147483647
2147483647
2147483647
2147483647
2147483647
2147483647
2147483647
88492
2147483647
2147483647
2147483647
80452
101402
103459
95404
2147483647
92098
2147483647
2147483647
2147483647
2147483647
97422
2147483647
2147483647
123528
74355
2147483647
2147483647
2147483647
2147483647
137920
109970
89072
69544
2147483647
2147483647
95135
116478
90924
108146
92343
2147483647
109073
2147483647
2147483647
111843
101502
2147483647
2147483647
102808
115019
86736
122625
106340
2147483647
109050
158146
95339
87078
98323
2147483647
113529
79472
2147483647
2147483647
2147483647
2147483647
2147483647
2147483647
2147483647
109717
2147483647
95578
126400
97123
108809
113876
96588
2147483647
2147483647
2147483647
2147483647
2147483647
2147483647
110423
98376
71569
44976
84307
97226
2147483647
101757
66001
77712
103919
2147483647
102576
100331
96160
2147483647
92123
99517
113195
108440
2147483647
113359
134842
2147483647
105449
70871
93433
112182
99346
2147483647
72684
92081
2147483647
2147483647
94899
106111
2147483647
103123
108586
2147483647
2147483647
96128
77148
125273
78557
85910
2147483647
124493
113722
97988
98755
79310
85677
2147483647
89991
94860
125110
108277
2147483647
101599
2147483647
72789
83777
127759
2147483647
103471
121952
2147483647
2147483647
2147483647
112830
81147
117839
2147483647
2147483647
103781
96333
2147483647
107970
104336
2147483647
2147483647
89770
2147483647
2147483647
2147483647
2147483647
2147483647
2147483647
110935
2147483647
81242
99574
83601
2147483647
97176
96104
2147483647
111967
2147483647
100727
104870
2147483647
2147483647
2147483647
89182
2147483647
2147483647
2147483647
89794
100028
93180
2147483647
2147483647
2147483647
94930
77274
2147483647
2147483647
2147483647
89792
91817
2147483647
128338
77863
2147483647
2147483647
2147483647
90565
82760
2147483647
134207
85163
2147483647
2147483647
121907
106755
103768
2147483647
2147483647
120055
2147483647
101815
2147483647
76257
132905
86778
76765
97588
144282
73078
2147483647
2147483647
78545
83160
2147483647
95455
2147483647
2147483647
95804
2147483647
112602
111713
2147483647
2147483647
2147483647
2147483647
59169
101792
118488
2147483647
66996
2147483647
88267
2147483647
107306
104222
2147483647
63011
2147483647
2147483647
86207
67461
2147483647
94114
2147483647
103955
71311
2147483647
74368
2147483647
2147483647
2147483647
105442
2147483647
96207
44330
115297
118928
2147483647
2147483647
87810
2147483647
2147483647
2147483647
90674
2147483647
2147483647
86991
2147483647
102309
2147483647
112340
89459
2147483647
2147483647
112415
117910
95001
2147483647
71992
118807
105739
85718
116053
2147483647
93814
105584
2147483647
124604
61024
72907
2147483647
2147483647
100418
83650
2147483647
2147483647
99736
116244
93983
100630
2147483647
2147483647
2147483647
104811
98909
2147483647
2147483647
2147483647
2147483647
104407
2147483647
128239
143537
111734
124784
2147483647
90212
124777
103549
114917
90208
109277
2147483647
2147483647
93169
84971
2147483647
114997
108504
75433
89529
88665
106996
2147483647
112914
94570
102373
107866
2147483647
2147483647
85791
96608
2147483647
90126
107780
2147483647
84167
123483
100673
134073
116185
2147483647
51456
83221
100202
2147483647
91221
97140
109482
98560
2147483647
114637
2147483647
81778
75334
2147483647
2147483647
92852
98537
103938
2147483647
112560
112237
2147483647
2147483647
104164
92913
101903
2147483647
2147483647
107234
87654
119041
2147483647
2147483647
2147483647
156943
103646
2147483647
125231
88617
2147483647
94649
2147483647
130134
2147483647
84361
2147483647
113384
2147483647
102586
82390
88285
64932
91829
57846
2147483647
72320
105031
110290
95403
2147483647
2147483647
2147483647
108578
104995
107104
2147483647
101552
111671
91052
74805
117716
2147483647
94186
2147483647
90884
93339
94599
2147483647
93940
100657
105819
2147483647
2147483647
2147483647
2147483647
2147483647
2147483647
2147483647
105885
98656
2147483647
2147483647
98602
2147483647
2147483647
68924
96901
2147483647
2147483647
2147483647
2147483647
2147483647
2147483647
103147
110534
2147483647
110509
84607
79577
2147483647
100653
2147483647
116912
2147483647
92613
112904
97425
2147483647
90015
100507
118342
2147483647
93896
72935
82791
72488
117820
116428
2147483647
100152
109815
80424
2147483647
115834
2147483647
2147483647
145610
102402
103316
182998
96099
73455
2147483647
2147483647
99486
100046
2147483647
85285
2147483647
82594
64758
69576
100631
87623
2147483647
2147483647
2147483647
118099
131484
86814
105415
2147483647
94436
95009
2147483647
2147483647
84801
93478
82053
92858
108941
114733
2147483647
2147483647
2147483647
90584
2147483647
102897
86995
2147483647
118664
95452
103662
103894
118529
51085
88217
72867
2147483647
86985
153213
2147483647
119712
71871
103906
99491
87406
2147483647
129379
96442
104172
113576
2147483647
2147483647
99749
101398
118741
102657
85026
105605
98968
54015
98925
111620
2147483647
2147483647
84397
99003
74575
95712
70915
99292
2147483647
103293
95328
2147483647
2147483647
2147483647
100740
2147483647
102674
2147483647
118707
80086
105679
2147483647
110805
85402
106460
64049
142157
86648
91540
2147483647
2147483647
106777
115157
127947
111926
104121
2147483647
2147483647
2147483647
100899
61765
108772
2147483647
2147483647
77606
2147483647
112406
84312
105212
2147483647
142196
99823
2147483647
92818
2147483647
83691
106442
75850
2147483647
93107
70851
95421
80764
94563
111585
2147483647
2147483647
92700
2147483647
91921
2147483647
2147483647
2147483647
81545
2147483647
2147483647
2147483647
106703
93630
2147483647
2147483647
2147483647
108470
2147483647
2147483647
2147483647
90365
97665
111165
2147483647
102549
89852
2147483647
70958
2147483647
2147483647
122610
66195
121500
69668
2147483647
2147483647
2147483647
75244
81201
2147483647
2147483647
90838
103351
2147483647
141244
98059
94414
97347
100667
106818
2147483647
122827
94363
2147483647
2147483647
80347
111159
99077
2147483647
2147483647
2147483647
102787
109652
2147483647
101651
105435
81447
84298
2147483647
94420
102539
2147483647
99605
85028
2147483647
98268
118471
99196
136450
2147483647
113583
109033
95566
79041
83909
2147483647
106532
2147483647
59318
79120
2147483647
2147483647
2147483647
56858
35247
2147483647
2147483647
119551
2147483647
96276
2147483647
2147483647
92048
122921
2147483647
144784
2147483647
104007
2147483647
86308
92406
122973
88734
2147483647
61100
2147483647
91604
69886
76889
85316
2147483647
2147483647
88803
69125
112347
93589
77303
96232
50704
2147483647
91981
108734
2147483647
2147483647
106348
2147483647
104241
93138
2147483647
112427
2147483647
112890
2147483647
102878
105703
2147483647
109880
98049
2147483647
2147483647
83378
2147483647
109777
112742
111084
77670
92310
101627
107638
110397
119228
2147483647
70591
86108
116445
2147483647
92620
98023
2147483647
2147483647
113326
2147483647
2147483647
77651
92939
104612
2147483647
2147483647
79311
139334
92735
81531
66180
101497
95013
103020
126649
69247
71362
99253
95697
83185
2147483647
119271
95810
2147483647
2147483647
104019
106880
2147483647
94689
87032
158520
84815
2147483647
106604
2147483647
92787
95795
2147483647
96503
98832
2147483647
125149
103221
118398
2147483647
112397
2147483647
70521
65553
106211
101081
2147483647
2147483647
82576
98843
95700
110684
2147483647
94875
110650
2147483647
114946
63174
99609
103251
2147483647
2147483647
72044
97078
2147483647
112077
67694
94516
51367
2147483647
110611
109680
82098
2147483647
97325
92028
112226
2147483647
2147483647
109817
2147483647
95496
2147483647
99820
93493
90747
116382
2147483647
105887
91236
2147483647
2147483647
2147483647
2147483647
2147483647
104853
89850
2147483647
2147483647
2147483647
110935
111539
2147483647
100708
87543
83463
69014
123073
98288
124492
77121
111311
115448
2147483647
2147483647
84639
2147483647
94200
102776
81676
156473
2147483647
109766
101557
97681
2147483647
2147483647
79406
102726
2147483647
104418
112629
136208
114682
110178
92942
106531
2147483647
26168
2147483647
2147483647
2147483647
2147483647
106178
90630
75376
80284
103113
2147483647
2147483647
2147483647
80564
88318
2147483647
96672
94088
2147483647
97990
79809
60465
2147483647
122044
2147483647
100732
2147483647
